<?xml version='1.0' standalone='yes' ?>
<LVData xmlns="http://www.ni.com/LVData">
<Version>20.0f1</Version>
<Cluster>
<Name>Partition</Name>
<NumElts>6</NumElts>
<Array>
<Name>Data</Name>
<Dimsize>8</Dimsize>
<Dimsize>5</Dimsize>
<String>
<Name> </Name>
<Val>A</Val>
</String>
<String>
<Name> </Name>
<Val>20%</Val>
</String>
<String>
<Name> </Name>
<Val></Val>
</String>
<String>
<Name> </Name>
<Val></Val>
</String>
<String>
<Name> </Name>
<Val></Val>
</String>
<String>
<Name> </Name>
<Val>B</Val>
</String>
<String>
<Name> </Name>
<Val>30</Val>
</String>
<String>
<Name> </Name>
<Val></Val>
</String>
<String>
<Name> </Name>
<Val></Val>
</String>
<String>
<Name> </Name>
<Val></Val>
</String>
<String>
<Name> </Name>
<Val>C</Val>
</String>
<String>
<Name> </Name>
<Val>5%</Val>
</String>
<String>
<Name> </Name>
<Val></Val>
</String>
<String>
<Name> </Name>
<Val></Val>
</String>
<String>
<Name> </Name>
<Val></Val>
</String>
<String>
<Name> </Name>
<Val>D</Val>
</String>
<String>
<Name> </Name>
<Val>35%</Val>
</String>
<String>
<Name> </Name>
<Val></Val>
</String>
<String>
<Name> </Name>
<Val></Val>
</String>
<String>
<Name> </Name>
<Val></Val>
</String>
<String>
<Name> </Name>
<Val>E</Val>
</String>
<String>
<Name> </Name>
<Val>...</Val>
</String>
<String>
<Name> </Name>
<Val></Val>
</String>
<String>
<Name> </Name>
<Val></Val>
</String>
<String>
<Name> </Name>
<Val></Val>
</String>
<String>
<Name> </Name>
<Val>F</Val>
</String>
<String>
<Name> </Name>
<Val>...</Val>
</String>
<String>
<Name> </Name>
<Val></Val>
</String>
<String>
<Name> </Name>
<Val></Val>
</String>
<String>
<Name> </Name>
<Val></Val>
</String>
<String>
<Name> </Name>
<Val>G</Val>
</String>
<String>
<Name> </Name>
<Val>...</Val>
</String>
<String>
<Name> </Name>
<Val></Val>
</String>
<String>
<Name> </Name>
<Val></Val>
</String>
<String>
<Name> </Name>
<Val></Val>
</String>
<String>
<Name> </Name>
<Val>X</Val>
</String>
<String>
<Name> </Name>
<Val>Empty</Val>
</String>
<String>
<Name> </Name>
<Val>-</Val>
</String>
<String>
<Name> </Name>
<Val>-</Val>
</String>
<String>
<Name> </Name>
<Val>-</Val>
</String>
</Array>
<String>
<Name>Cell Label</Name>
<Val>G</Val>
</String>
<U32>
<Name>Cell Color</Name>
<Val>10621999</Val>
</U32>
<I32>
<Name>Height</Name>
<Val>16</Val>
</I32>
<I32>
<Name>Width</Name>
<Val>24</Val>
</I32>
<Array>
<Name>Grid</Name>
<Dimsize>16</Dimsize>
<Dimsize>24</Dimsize>
<String>
<Name></Name>
<Val>X</Val>
</String>
<String>
<Name></Name>
<Val>X</Val>
</String>
<String>
<Name></Name>
<Val>X</Val>
</String>
<String>
<Name></Name>
<Val>X</Val>
</String>
<String>
<Name></Name>
<Val>X</Val>
</String>
<String>
<Name></Name>
<Val>X</Val>
</String>
<String>
<Name></Name>
<Val>X</Val>
</String>
<String>
<Name></Name>
<Val>A</Val>
</String>
<String>
<Name></Name>
<Val>A</Val>
</String>
<String>
<Name></Name>
<Val>A</Val>
</String>
<String>
<Name></Name>
<Val>A</Val>
</String>
<String>
<Name></Name>
<Val>A</Val>
</String>
<String>
<Name></Name>
<Val>X</Val>
</String>
<String>
<Name></Name>
<Val>X</Val>
</String>
<String>
<Name></Name>
<Val>X</Val>
</String>
<String>
<Name></Name>
<Val>X</Val>
</String>
<String>
<Name></Name>
<Val>X</Val>
</String>
<String>
<Name></Name>
<Val>X</Val>
</String>
<String>
<Name></Name>
<Val>X</Val>
</String>
<String>
<Name></Name>
<Val>X</Val>
</String>
<String>
<Name></Name>
<Val>X</Val>
</String>
<String>
<Name></Name>
<Val>X</Val>
</String>
<String>
<Name></Name>
<Val>X</Val>
</String>
<String>
<Name></Name>
<Val>X</Val>
</String>
<String>
<Name></Name>
<Val>X</Val>
</String>
<String>
<Name></Name>
<Val>X</Val>
</String>
<String>
<Name></Name>
<Val>X</Val>
</String>
<String>
<Name></Name>
<Val>X</Val>
</String>
<String>
<Name></Name>
<Val>X</Val>
</String>
<String>
<Name></Name>
<Val>X</Val>
</String>
<String>
<Name></Name>
<Val>X</Val>
</String>
<String>
<Name></Name>
<Val>A</Val>
</String>
<String>
<Name></Name>
<Val>A</Val>
</String>
<String>
<Name></Name>
<Val>A</Val>
</String>
<String>
<Name></Name>
<Val>A</Val>
</String>
<String>
<Name></Name>
<Val>A</Val>
</String>
<String>
<Name></Name>
<Val>X</Val>
</String>
<String>
<Name></Name>
<Val>X</Val>
</String>
<String>
<Name></Name>
<Val>X</Val>
</String>
<String>
<Name></Name>
<Val>X</Val>
</String>
<String>
<Name></Name>
<Val>X</Val>
</String>
<String>
<Name></Name>
<Val>X</Val>
</String>
<String>
<Name></Name>
<Val>X</Val>
</String>
<String>
<Name></Name>
<Val>X</Val>
</String>
<String>
<Name></Name>
<Val>X</Val>
</String>
<String>
<Name></Name>
<Val>X</Val>
</String>
<String>
<Name></Name>
<Val>X</Val>
</String>
<String>
<Name></Name>
<Val>X</Val>
</String>
<String>
<Name></Name>
<Val>X</Val>
</String>
<String>
<Name></Name>
<Val>X</Val>
</String>
<String>
<Name></Name>
<Val>X</Val>
</String>
<String>
<Name></Name>
<Val>X</Val>
</String>
<String>
<Name></Name>
<Val>X</Val>
</String>
<String>
<Name></Name>
<Val>X</Val>
</String>
<String>
<Name></Name>
<Val>X</Val>
</String>
<String>
<Name></Name>
<Val>A</Val>
</String>
<String>
<Name></Name>
<Val>A</Val>
</String>
<String>
<Name></Name>
<Val>A</Val>
</String>
<String>
<Name></Name>
<Val>A</Val>
</String>
<String>
<Name></Name>
<Val>A</Val>
</String>
<String>
<Name></Name>
<Val>X</Val>
</String>
<String>
<Name></Name>
<Val>X</Val>
</String>
<String>
<Name></Name>
<Val>X</Val>
</String>
<String>
<Name></Name>
<Val>X</Val>
</String>
<String>
<Name></Name>
<Val>X</Val>
</String>
<String>
<Name></Name>
<Val>X</Val>
</String>
<String>
<Name></Name>
<Val>X</Val>
</String>
<String>
<Name></Name>
<Val>X</Val>
</String>
<String>
<Name></Name>
<Val>X</Val>
</String>
<String>
<Name></Name>
<Val>X</Val>
</String>
<String>
<Name></Name>
<Val>X</Val>
</String>
<String>
<Name></Name>
<Val>X</Val>
</String>
<String>
<Name></Name>
<Val>X</Val>
</String>
<String>
<Name></Name>
<Val>X</Val>
</String>
<String>
<Name></Name>
<Val>X</Val>
</String>
<String>
<Name></Name>
<Val>X</Val>
</String>
<String>
<Name></Name>
<Val>X</Val>
</String>
<String>
<Name></Name>
<Val>X</Val>
</String>
<String>
<Name></Name>
<Val>X</Val>
</String>
<String>
<Name></Name>
<Val>A</Val>
</String>
<String>
<Name></Name>
<Val>A</Val>
</String>
<String>
<Name></Name>
<Val>A</Val>
</String>
<String>
<Name></Name>
<Val>A</Val>
</String>
<String>
<Name></Name>
<Val>A</Val>
</String>
<String>
<Name></Name>
<Val>X</Val>
</String>
<String>
<Name></Name>
<Val>X</Val>
</String>
<String>
<Name></Name>
<Val>X</Val>
</String>
<String>
<Name></Name>
<Val>X</Val>
</String>
<String>
<Name></Name>
<Val>X</Val>
</String>
<String>
<Name></Name>
<Val>X</Val>
</String>
<String>
<Name></Name>
<Val>X</Val>
</String>
<String>
<Name></Name>
<Val>X</Val>
</String>
<String>
<Name></Name>
<Val>X</Val>
</String>
<String>
<Name></Name>
<Val>X</Val>
</String>
<String>
<Name></Name>
<Val>X</Val>
</String>
<String>
<Name></Name>
<Val>X</Val>
</String>
<String>
<Name></Name>
<Val>X</Val>
</String>
<String>
<Name></Name>
<Val>X</Val>
</String>
<String>
<Name></Name>
<Val>X</Val>
</String>
<String>
<Name></Name>
<Val>X</Val>
</String>
<String>
<Name></Name>
<Val>X</Val>
</String>
<String>
<Name></Name>
<Val>X</Val>
</String>
<String>
<Name></Name>
<Val>X</Val>
</String>
<String>
<Name></Name>
<Val>A</Val>
</String>
<String>
<Name></Name>
<Val>A</Val>
</String>
<String>
<Name></Name>
<Val>A</Val>
</String>
<String>
<Name></Name>
<Val>A</Val>
</String>
<String>
<Name></Name>
<Val>A</Val>
</String>
<String>
<Name></Name>
<Val>X</Val>
</String>
<String>
<Name></Name>
<Val>C</Val>
</String>
<String>
<Name></Name>
<Val>C</Val>
</String>
<String>
<Name></Name>
<Val>C</Val>
</String>
<String>
<Name></Name>
<Val>C</Val>
</String>
<String>
<Name></Name>
<Val>C</Val>
</String>
<String>
<Name></Name>
<Val>X</Val>
</String>
<String>
<Name></Name>
<Val>X</Val>
</String>
<String>
<Name></Name>
<Val>X</Val>
</String>
<String>
<Name></Name>
<Val>X</Val>
</String>
<String>
<Name></Name>
<Val>X</Val>
</String>
<String>
<Name></Name>
<Val>X</Val>
</String>
<String>
<Name></Name>
<Val>X</Val>
</String>
<String>
<Name></Name>
<Val>X</Val>
</String>
<String>
<Name></Name>
<Val>X</Val>
</String>
<String>
<Name></Name>
<Val>X</Val>
</String>
<String>
<Name></Name>
<Val>X</Val>
</String>
<String>
<Name></Name>
<Val>X</Val>
</String>
<String>
<Name></Name>
<Val>X</Val>
</String>
<String>
<Name></Name>
<Val>X</Val>
</String>
<String>
<Name></Name>
<Val>X</Val>
</String>
<String>
<Name></Name>
<Val>X</Val>
</String>
<String>
<Name></Name>
<Val>X</Val>
</String>
<String>
<Name></Name>
<Val>X</Val>
</String>
<String>
<Name></Name>
<Val>X</Val>
</String>
<String>
<Name></Name>
<Val>C</Val>
</String>
<String>
<Name></Name>
<Val>C</Val>
</String>
<String>
<Name></Name>
<Val>C</Val>
</String>
<String>
<Name></Name>
<Val>C</Val>
</String>
<String>
<Name></Name>
<Val>C</Val>
</String>
<String>
<Name></Name>
<Val>X</Val>
</String>
<String>
<Name></Name>
<Val>X</Val>
</String>
<String>
<Name></Name>
<Val>X</Val>
</String>
<String>
<Name></Name>
<Val>X</Val>
</String>
<String>
<Name></Name>
<Val>X</Val>
</String>
<String>
<Name></Name>
<Val>X</Val>
</String>
<String>
<Name></Name>
<Val>X</Val>
</String>
<String>
<Name></Name>
<Val>X</Val>
</String>
<String>
<Name></Name>
<Val>X</Val>
</String>
<String>
<Name></Name>
<Val>X</Val>
</String>
<String>
<Name></Name>
<Val>G</Val>
</String>
<String>
<Name></Name>
<Val>G</Val>
</String>
<String>
<Name></Name>
<Val>G</Val>
</String>
<String>
<Name></Name>
<Val>G</Val>
</String>
<String>
<Name></Name>
<Val>G</Val>
</String>
<String>
<Name></Name>
<Val>G</Val>
</String>
<String>
<Name></Name>
<Val>G</Val>
</String>
<String>
<Name></Name>
<Val>G</Val>
</String>
<String>
<Name></Name>
<Val>X</Val>
</String>
<String>
<Name></Name>
<Val>C</Val>
</String>
<String>
<Name></Name>
<Val>C</Val>
</String>
<String>
<Name></Name>
<Val>C</Val>
</String>
<String>
<Name></Name>
<Val>C</Val>
</String>
<String>
<Name></Name>
<Val>C</Val>
</String>
<String>
<Name></Name>
<Val>X</Val>
</String>
<String>
<Name></Name>
<Val>X</Val>
</String>
<String>
<Name></Name>
<Val>X</Val>
</String>
<String>
<Name></Name>
<Val>X</Val>
</String>
<String>
<Name></Name>
<Val>X</Val>
</String>
<String>
<Name></Name>
<Val>X</Val>
</String>
<String>
<Name></Name>
<Val>X</Val>
</String>
<String>
<Name></Name>
<Val>X</Val>
</String>
<String>
<Name></Name>
<Val>X</Val>
</String>
<String>
<Name></Name>
<Val>X</Val>
</String>
<String>
<Name></Name>
<Val>G</Val>
</String>
<String>
<Name></Name>
<Val>G</Val>
</String>
<String>
<Name></Name>
<Val>G</Val>
</String>
<String>
<Name></Name>
<Val>G</Val>
</String>
<String>
<Name></Name>
<Val>G</Val>
</String>
<String>
<Name></Name>
<Val>G</Val>
</String>
<String>
<Name></Name>
<Val>G</Val>
</String>
<String>
<Name></Name>
<Val>G</Val>
</String>
<String>
<Name></Name>
<Val>X</Val>
</String>
<String>
<Name></Name>
<Val>X</Val>
</String>
<String>
<Name></Name>
<Val>X</Val>
</String>
<String>
<Name></Name>
<Val>X</Val>
</String>
<String>
<Name></Name>
<Val>X</Val>
</String>
<String>
<Name></Name>
<Val>X</Val>
</String>
<String>
<Name></Name>
<Val>X</Val>
</String>
<String>
<Name></Name>
<Val>X</Val>
</String>
<String>
<Name></Name>
<Val>X</Val>
</String>
<String>
<Name></Name>
<Val>X</Val>
</String>
<String>
<Name></Name>
<Val>X</Val>
</String>
<String>
<Name></Name>
<Val>X</Val>
</String>
<String>
<Name></Name>
<Val>X</Val>
</String>
<String>
<Name></Name>
<Val>X</Val>
</String>
<String>
<Name></Name>
<Val>X</Val>
</String>
<String>
<Name></Name>
<Val>X</Val>
</String>
<String>
<Name></Name>
<Val>G</Val>
</String>
<String>
<Name></Name>
<Val>G</Val>
</String>
<String>
<Name></Name>
<Val>G</Val>
</String>
<String>
<Name></Name>
<Val>G</Val>
</String>
<String>
<Name></Name>
<Val>G</Val>
</String>
<String>
<Name></Name>
<Val>G</Val>
</String>
<String>
<Name></Name>
<Val>G</Val>
</String>
<String>
<Name></Name>
<Val>G</Val>
</String>
<String>
<Name></Name>
<Val>X</Val>
</String>
<String>
<Name></Name>
<Val>X</Val>
</String>
<String>
<Name></Name>
<Val>X</Val>
</String>
<String>
<Name></Name>
<Val>E</Val>
</String>
<String>
<Name></Name>
<Val>E</Val>
</String>
<String>
<Name></Name>
<Val>E</Val>
</String>
<String>
<Name></Name>
<Val>X</Val>
</String>
<String>
<Name></Name>
<Val>X</Val>
</String>
<String>
<Name></Name>
<Val>X</Val>
</String>
<String>
<Name></Name>
<Val>X</Val>
</String>
<String>
<Name></Name>
<Val>X</Val>
</String>
<String>
<Name></Name>
<Val>X</Val>
</String>
<String>
<Name></Name>
<Val>X</Val>
</String>
<String>
<Name></Name>
<Val>X</Val>
</String>
<String>
<Name></Name>
<Val>X</Val>
</String>
<String>
<Name></Name>
<Val>X</Val>
</String>
<String>
<Name></Name>
<Val>C</Val>
</String>
<String>
<Name></Name>
<Val>C</Val>
</String>
<String>
<Name></Name>
<Val>C</Val>
</String>
<String>
<Name></Name>
<Val>C</Val>
</String>
<String>
<Name></Name>
<Val>C</Val>
</String>
<String>
<Name></Name>
<Val>X</Val>
</String>
<String>
<Name></Name>
<Val>X</Val>
</String>
<String>
<Name></Name>
<Val>X</Val>
</String>
<String>
<Name></Name>
<Val>X</Val>
</String>
<String>
<Name></Name>
<Val>X</Val>
</String>
<String>
<Name></Name>
<Val>X</Val>
</String>
<String>
<Name></Name>
<Val>E</Val>
</String>
<String>
<Name></Name>
<Val>E</Val>
</String>
<String>
<Name></Name>
<Val>E</Val>
</String>
<String>
<Name></Name>
<Val>X</Val>
</String>
<String>
<Name></Name>
<Val>X</Val>
</String>
<String>
<Name></Name>
<Val>X</Val>
</String>
<String>
<Name></Name>
<Val>X</Val>
</String>
<String>
<Name></Name>
<Val>X</Val>
</String>
<String>
<Name></Name>
<Val>X</Val>
</String>
<String>
<Name></Name>
<Val>X</Val>
</String>
<String>
<Name></Name>
<Val>X</Val>
</String>
<String>
<Name></Name>
<Val>X</Val>
</String>
<String>
<Name></Name>
<Val>X</Val>
</String>
<String>
<Name></Name>
<Val>C</Val>
</String>
<String>
<Name></Name>
<Val>C</Val>
</String>
<String>
<Name></Name>
<Val>C</Val>
</String>
<String>
<Name></Name>
<Val>C</Val>
</String>
<String>
<Name></Name>
<Val>C</Val>
</String>
<String>
<Name></Name>
<Val>X</Val>
</String>
<String>
<Name></Name>
<Val>X</Val>
</String>
<String>
<Name></Name>
<Val>X</Val>
</String>
<String>
<Name></Name>
<Val>X</Val>
</String>
<String>
<Name></Name>
<Val>X</Val>
</String>
<String>
<Name></Name>
<Val>X</Val>
</String>
<String>
<Name></Name>
<Val>E</Val>
</String>
<String>
<Name></Name>
<Val>E</Val>
</String>
<String>
<Name></Name>
<Val>E</Val>
</String>
<String>
<Name></Name>
<Val>X</Val>
</String>
<String>
<Name></Name>
<Val>X</Val>
</String>
<String>
<Name></Name>
<Val>X</Val>
</String>
<String>
<Name></Name>
<Val>X</Val>
</String>
<String>
<Name></Name>
<Val>X</Val>
</String>
<String>
<Name></Name>
<Val>X</Val>
</String>
<String>
<Name></Name>
<Val>X</Val>
</String>
<String>
<Name></Name>
<Val>X</Val>
</String>
<String>
<Name></Name>
<Val>X</Val>
</String>
<String>
<Name></Name>
<Val>X</Val>
</String>
<String>
<Name></Name>
<Val>C</Val>
</String>
<String>
<Name></Name>
<Val>C</Val>
</String>
<String>
<Name></Name>
<Val>C</Val>
</String>
<String>
<Name></Name>
<Val>C</Val>
</String>
<String>
<Name></Name>
<Val>C</Val>
</String>
<String>
<Name></Name>
<Val>X</Val>
</String>
<String>
<Name></Name>
<Val>X</Val>
</String>
<String>
<Name></Name>
<Val>X</Val>
</String>
<String>
<Name></Name>
<Val>X</Val>
</String>
<String>
<Name></Name>
<Val>X</Val>
</String>
<String>
<Name></Name>
<Val>X</Val>
</String>
<String>
<Name></Name>
<Val>E</Val>
</String>
<String>
<Name></Name>
<Val>E</Val>
</String>
<String>
<Name></Name>
<Val>E</Val>
</String>
<String>
<Name></Name>
<Val>X</Val>
</String>
<String>
<Name></Name>
<Val>X</Val>
</String>
<String>
<Name></Name>
<Val>X</Val>
</String>
<String>
<Name></Name>
<Val>X</Val>
</String>
<String>
<Name></Name>
<Val>X</Val>
</String>
<String>
<Name></Name>
<Val>X</Val>
</String>
<String>
<Name></Name>
<Val>X</Val>
</String>
<String>
<Name></Name>
<Val>X</Val>
</String>
<String>
<Name></Name>
<Val>X</Val>
</String>
<String>
<Name></Name>
<Val>X</Val>
</String>
<String>
<Name></Name>
<Val>X</Val>
</String>
<String>
<Name></Name>
<Val>X</Val>
</String>
<String>
<Name></Name>
<Val>X</Val>
</String>
<String>
<Name></Name>
<Val>X</Val>
</String>
<String>
<Name></Name>
<Val>X</Val>
</String>
<String>
<Name></Name>
<Val>X</Val>
</String>
<String>
<Name></Name>
<Val>X</Val>
</String>
<String>
<Name></Name>
<Val>X</Val>
</String>
<String>
<Name></Name>
<Val>X</Val>
</String>
<String>
<Name></Name>
<Val>X</Val>
</String>
<String>
<Name></Name>
<Val>X</Val>
</String>
<String>
<Name></Name>
<Val>X</Val>
</String>
<String>
<Name></Name>
<Val>X</Val>
</String>
<String>
<Name></Name>
<Val>X</Val>
</String>
<String>
<Name></Name>
<Val>X</Val>
</String>
<String>
<Name></Name>
<Val>X</Val>
</String>
<String>
<Name></Name>
<Val>X</Val>
</String>
<String>
<Name></Name>
<Val>X</Val>
</String>
<String>
<Name></Name>
<Val>X</Val>
</String>
<String>
<Name></Name>
<Val>X</Val>
</String>
<String>
<Name></Name>
<Val>X</Val>
</String>
<String>
<Name></Name>
<Val>X</Val>
</String>
<String>
<Name></Name>
<Val>X</Val>
</String>
<String>
<Name></Name>
<Val>X</Val>
</String>
<String>
<Name></Name>
<Val>X</Val>
</String>
<String>
<Name></Name>
<Val>X</Val>
</String>
<String>
<Name></Name>
<Val>X</Val>
</String>
<String>
<Name></Name>
<Val>X</Val>
</String>
<String>
<Name></Name>
<Val>X</Val>
</String>
<String>
<Name></Name>
<Val>X</Val>
</String>
<String>
<Name></Name>
<Val>X</Val>
</String>
<String>
<Name></Name>
<Val>X</Val>
</String>
<String>
<Name></Name>
<Val>X</Val>
</String>
<String>
<Name></Name>
<Val>X</Val>
</String>
<String>
<Name></Name>
<Val>X</Val>
</String>
<String>
<Name></Name>
<Val>X</Val>
</String>
<String>
<Name></Name>
<Val>X</Val>
</String>
<String>
<Name></Name>
<Val>X</Val>
</String>
<String>
<Name></Name>
<Val>X</Val>
</String>
<String>
<Name></Name>
<Val>X</Val>
</String>
<String>
<Name></Name>
<Val>X</Val>
</String>
<String>
<Name></Name>
<Val>X</Val>
</String>
<String>
<Name></Name>
<Val>X</Val>
</String>
<String>
<Name></Name>
<Val>X</Val>
</String>
<String>
<Name></Name>
<Val>X</Val>
</String>
<String>
<Name></Name>
<Val>X</Val>
</String>
<String>
<Name></Name>
<Val>X</Val>
</String>
<String>
<Name></Name>
<Val>X</Val>
</String>
<String>
<Name></Name>
<Val>X</Val>
</String>
<String>
<Name></Name>
<Val>X</Val>
</String>
<String>
<Name></Name>
<Val>X</Val>
</String>
<String>
<Name></Name>
<Val>X</Val>
</String>
<String>
<Name></Name>
<Val>X</Val>
</String>
<String>
<Name></Name>
<Val>X</Val>
</String>
<String>
<Name></Name>
<Val>X</Val>
</String>
<String>
<Name></Name>
<Val>X</Val>
</String>
<String>
<Name></Name>
<Val>X</Val>
</String>
<String>
<Name></Name>
<Val>X</Val>
</String>
<String>
<Name></Name>
<Val>X</Val>
</String>
<String>
<Name></Name>
<Val>X</Val>
</String>
<String>
<Name></Name>
<Val>X</Val>
</String>
<String>
<Name></Name>
<Val>X</Val>
</String>
<String>
<Name></Name>
<Val>X</Val>
</String>
<String>
<Name></Name>
<Val>X</Val>
</String>
<String>
<Name></Name>
<Val>X</Val>
</String>
<String>
<Name></Name>
<Val>X</Val>
</String>
<String>
<Name></Name>
<Val>X</Val>
</String>
<String>
<Name></Name>
<Val>X</Val>
</String>
<String>
<Name></Name>
<Val>X</Val>
</String>
<String>
<Name></Name>
<Val>X</Val>
</String>
<String>
<Name></Name>
<Val>X</Val>
</String>
<String>
<Name></Name>
<Val>X</Val>
</String>
<String>
<Name></Name>
<Val>X</Val>
</String>
<String>
<Name></Name>
<Val>X</Val>
</String>
<String>
<Name></Name>
<Val>X</Val>
</String>
<String>
<Name></Name>
<Val>X</Val>
</String>
<String>
<Name></Name>
<Val>X</Val>
</String>
<String>
<Name></Name>
<Val>X</Val>
</String>
<String>
<Name></Name>
<Val>X</Val>
</String>
<String>
<Name></Name>
<Val>X</Val>
</String>
<String>
<Name></Name>
<Val>X</Val>
</String>
<String>
<Name></Name>
<Val>X</Val>
</String>
<String>
<Name></Name>
<Val>X</Val>
</String>
<String>
<Name></Name>
<Val>X</Val>
</String>
<String>
<Name></Name>
<Val>X</Val>
</String>
<String>
<Name></Name>
<Val>X</Val>
</String>
<String>
<Name></Name>
<Val>X</Val>
</String>
<String>
<Name></Name>
<Val>X</Val>
</String>
<String>
<Name></Name>
<Val>X</Val>
</String>
<String>
<Name></Name>
<Val>X</Val>
</String>
<String>
<Name></Name>
<Val>X</Val>
</String>
<String>
<Name></Name>
<Val>X</Val>
</String>
</Array>
</Cluster>
</LVData>